<?xml version="1.0" encoding="UTF-8"?>
<testng-results skipped="0" failed="0" ignored="0" total="1" passed="1">
  <reporter-output>
  </reporter-output>
  <suite name="Suite" duration-ms="33984" started-at="2019-01-01T14:50:08Z" finished-at="2019-01-01T14:50:42Z">
    <groups>
    </groups>
    <test name="Test" duration-ms="33984" started-at="2019-01-01T14:50:08Z" finished-at="2019-01-01T14:50:42Z">
      <class name="test.testpage.TestClss">
        <test-method status="PASS" signature="browserTest()[pri:0, instance:test.testpage.TestClss@511baa65]" name="browserTest" duration-ms="33963" started-at="2019-01-01T14:50:08Z" finished-at="2019-01-01T14:50:42Z">
          <reporter-output>
          </reporter-output>
        </test-method> <!-- browserTest -->
      </class> <!-- test.testpage.TestClss -->
    </test> <!-- Test -->
  </suite> <!-- Suite -->
</testng-results>
