<?xml version="1.0" encoding="UTF-8"?>
<testng-results skipped="0" failed="0" ignored="0" total="1" passed="1">
  <reporter-output>
  </reporter-output>
  <suite name="test.testpage.TestClss" duration-ms="22554" started-at="2018-12-09T14:48:08Z" finished-at="2018-12-09T14:48:31Z">
    <groups>
    </groups>
    <test name="Command line test" duration-ms="22554" started-at="2018-12-09T14:48:08Z" finished-at="2018-12-09T14:48:31Z">
      <class name="test.testpage.TestClss">
        <test-method status="PASS" signature="browserTest()[pri:0, instance:test.testpage.TestClss@30c7da1e]" name="browserTest" duration-ms="22525" started-at="2018-12-09T14:48:08Z" finished-at="2018-12-09T14:48:31Z">
          <reporter-output>
          </reporter-output>
        </test-method> <!-- browserTest -->
      </class> <!-- test.testpage.TestClss -->
    </test> <!-- Command line test -->
  </suite> <!-- test.testpage.TestClss -->
</testng-results>
